<?xml version="1.0" encoding="UTF-8"?>
<testsuite name="com.github.mauviana.citiesapi.CitiesApiApplicationTests" tests="1" skipped="0" failures="0" errors="0" timestamp="2020-05-09T21:29:46" hostname="mauricio-pc" time="0.095">
  <properties/>
  <testcase name="contextLoads()" classname="com.github.mauviana.citiesapi.CitiesApiApplicationTests" time="0.095"/>
  <system-out><![CDATA[18:29:41.048 [Test worker] DEBUG org.springframework.test.context.BootstrapUtils - Instantiating CacheAwareContextLoaderDelegate from class [org.springframework.test.context.cache.DefaultCacheAwareContextLoaderDelegate]
18:29:41.071 [Test worker] DEBUG org.springframework.test.context.BootstrapUtils - Instantiating BootstrapContext using constructor [public org.springframework.test.context.support.DefaultBootstrapContext(java.lang.Class,org.springframework.test.context.CacheAwareContextLoaderDelegate)]
18:29:41.106 [Test worker] DEBUG org.springframework.test.context.BootstrapUtils - Instantiating TestContextBootstrapper for test class [com.github.mauviana.citiesapi.CitiesApiApplicationTests] from class [org.springframework.boot.test.context.SpringBootTestContextBootstrapper]
18:29:41.129 [Test worker] INFO org.springframework.boot.test.context.SpringBootTestContextBootstrapper - Neither @ContextConfiguration nor @ContextHierarchy found for test class [com.github.mauviana.citiesapi.CitiesApiApplicationTests], using SpringBootContextLoader
18:29:41.136 [Test worker] DEBUG org.springframework.test.context.support.AbstractContextLoader - Did not detect default resource location for test class [com.github.mauviana.citiesapi.CitiesApiApplicationTests]: class path resource [com/github/mauviana/citiesapi/CitiesApiApplicationTests-context.xml] does not exist
18:29:41.137 [Test worker] DEBUG org.springframework.test.context.support.AbstractContextLoader - Did not detect default resource location for test class [com.github.mauviana.citiesapi.CitiesApiApplicationTests]: class path resource [com/github/mauviana/citiesapi/CitiesApiApplicationTestsContext.groovy] does not exist
18:29:41.138 [Test worker] INFO org.springframework.test.context.support.AbstractContextLoader - Could not detect default resource locations for test class [com.github.mauviana.citiesapi.CitiesApiApplicationTests]: no resource found for suffixes {-context.xml, Context.groovy}.
18:29:41.139 [Test worker] INFO org.springframework.test.context.support.AnnotationConfigContextLoaderUtils - Could not detect default configuration classes for test class [com.github.mauviana.citiesapi.CitiesApiApplicationTests]: CitiesApiApplicationTests does not declare any static, non-private, non-final, nested classes annotated with @Configuration.
18:29:41.185 [Test worker] DEBUG org.springframework.test.context.support.ActiveProfilesUtils - Could not find an 'annotation declaring class' for annotation type [org.springframework.test.context.ActiveProfiles] and class [com.github.mauviana.citiesapi.CitiesApiApplicationTests]
18:29:41.278 [Test worker] DEBUG org.springframework.context.annotation.ClassPathScanningCandidateComponentProvider - Identified candidate component class: file [/home/mauricio/projetos-java/cities-api/build/classes/java/main/com/github/mauviana/citiesapi/CitiesApiApplication.class]
18:29:41.281 [Test worker] INFO org.springframework.boot.test.context.SpringBootTestContextBootstrapper - Found @SpringBootConfiguration com.github.mauviana.citiesapi.CitiesApiApplication for test class com.github.mauviana.citiesapi.CitiesApiApplicationTests
18:29:41.395 [Test worker] DEBUG org.springframework.boot.test.context.SpringBootTestContextBootstrapper - @TestExecutionListeners is not present for class [com.github.mauviana.citiesapi.CitiesApiApplicationTests]: using defaults.
18:29:41.396 [Test worker] INFO org.springframework.boot.test.context.SpringBootTestContextBootstrapper - Loaded default TestExecutionListener class names from location [META-INF/spring.factories]: [org.springframework.boot.test.autoconfigure.restdocs.RestDocsTestExecutionListener, org.springframework.boot.test.autoconfigure.web.client.MockRestServiceServerResetTestExecutionListener, org.springframework.boot.test.autoconfigure.web.servlet.MockMvcPrintOnlyOnFailureTestExecutionListener, org.springframework.boot.test.autoconfigure.web.servlet.WebDriverTestExecutionListener, org.springframework.boot.test.mock.mockito.MockitoTestExecutionListener, org.springframework.boot.test.mock.mockito.ResetMocksTestExecutionListener, org.springframework.test.context.web.ServletTestExecutionListener, org.springframework.test.context.support.DirtiesContextBeforeModesTestExecutionListener, org.springframework.test.context.support.DependencyInjectionTestExecutionListener, org.springframework.test.context.support.DirtiesContextTestExecutionListener, org.springframework.test.context.transaction.TransactionalTestExecutionListener, org.springframework.test.context.jdbc.SqlScriptsTestExecutionListener, org.springframework.test.context.event.EventPublishingTestExecutionListener]
18:29:41.442 [Test worker] INFO org.springframework.boot.test.context.SpringBootTestContextBootstrapper - Using TestExecutionListeners: [org.springframework.test.context.web.ServletTestExecutionListener@779058d5, org.springframework.test.context.support.DirtiesContextBeforeModesTestExecutionListener@cb30196, org.springframework.boot.test.mock.mockito.MockitoTestExecutionListener@54746f8c, org.springframework.boot.test.autoconfigure.SpringBootDependencyInjectionTestExecutionListener@3375c25b, org.springframework.test.context.support.DirtiesContextTestExecutionListener@46d67210, org.springframework.test.context.transaction.TransactionalTestExecutionListener@52fd74ed, org.springframework.test.context.jdbc.SqlScriptsTestExecutionListener@25826931, org.springframework.test.context.event.EventPublishingTestExecutionListener@38f800c0, org.springframework.boot.test.autoconfigure.restdocs.RestDocsTestExecutionListener@4d4ba33d, org.springframework.boot.test.autoconfigure.web.client.MockRestServiceServerResetTestExecutionListener@7428ec65, org.springframework.boot.test.autoconfigure.web.servlet.MockMvcPrintOnlyOnFailureTestExecutionListener@4255c830, org.springframework.boot.test.autoconfigure.web.servlet.WebDriverTestExecutionListener@3ad32eba, org.springframework.boot.test.mock.mockito.ResetMocksTestExecutionListener@2a912096]
18:29:41.449 [Test worker] DEBUG org.springframework.test.context.support.AbstractDirtiesContextTestExecutionListener - Before test class: context [DefaultTestContext@2bf4eb35 testClass = CitiesApiApplicationTests, testInstance = [null], testMethod = [null], testException = [null], mergedContextConfiguration = [WebMergedContextConfiguration@708e7344 testClass = CitiesApiApplicationTests, locations = '{}', classes = '{class com.github.mauviana.citiesapi.CitiesApiApplication}', contextInitializerClasses = '[]', activeProfiles = '{}', propertySourceLocations = '{}', propertySourceProperties = '{org.springframework.boot.test.context.SpringBootTestContextBootstrapper=true}', contextCustomizers = set[org.springframework.boot.test.autoconfigure.properties.PropertyMappingContextCustomizer@0, org.springframework.boot.test.autoconfigure.web.servlet.WebDriverContextCustomizerFactory$Customizer@67cc5e74, org.springframework.boot.test.context.filter.ExcludeFilterContextCustomizer@1f4bf29, org.springframework.boot.test.json.DuplicateJsonObjectContextCustomizerFactory$DuplicateJsonObjectContextCustomizer@109e54f1, org.springframework.boot.test.mock.mockito.MockitoContextCustomizer@0, org.springframework.boot.test.web.client.TestRestTemplateContextCustomizer@2bb0e67a, org.springframework.boot.test.context.SpringBootTestArgs@1], resourceBasePath = 'src/main/webapp', contextLoader = 'org.springframework.boot.test.context.SpringBootContextLoader', parent = [null]], attributes = map['org.springframework.test.context.web.ServletTestExecutionListener.activateListener' -> true]], class annotated with @DirtiesContext [false] with mode [null].
18:29:41.514 [Test worker] DEBUG org.springframework.test.context.support.TestPropertySourceUtils - Adding inlined properties to environment: {spring.jmx.enabled=false, org.springframework.boot.test.context.SpringBootTestContextBootstrapper=true, server.port=-1}

  .   ____          _            __ _ _
 /\\ / ___'_ __ _ _(_)_ __  __ _ \ \ \ \
( ( )\___ | '_ | '_| | '_ \/ _` | \ \ \ \
 \\/  ___)| |_)| | | | | || (_| |  ) ) ) )
  '  |____| .__|_| |_|_| |_\__, | / / / /
 =========|_|==============|___/=/_/_/_/
 :: Spring Boot ::        (v2.2.7.RELEASE)

2020-05-09 18:29:42.015  INFO 23242 --- [    Test worker] c.g.m.c.CitiesApiApplicationTests        : Starting CitiesApiApplicationTests on mauricio-pc with PID 23242 (started by mauricio in /home/mauricio/projetos-java/cities-api)
2020-05-09 18:29:42.017  INFO 23242 --- [    Test worker] c.g.m.c.CitiesApiApplicationTests        : No active profile set, falling back to default profiles: default
2020-05-09 18:29:42.872  INFO 23242 --- [    Test worker] .s.d.r.c.RepositoryConfigurationDelegate : Bootstrapping Spring Data JPA repositories in DEFAULT mode.
2020-05-09 18:29:42.937  INFO 23242 --- [    Test worker] .s.d.r.c.RepositoryConfigurationDelegate : Finished Spring Data repository scanning in 56ms. Found 1 JPA repository interfaces.
2020-05-09 18:29:43.616  INFO 23242 --- [    Test worker] com.zaxxer.hikari.HikariDataSource       : HikariPool-1 - Starting...
2020-05-09 18:29:43.720  INFO 23242 --- [    Test worker] com.zaxxer.hikari.HikariDataSource       : HikariPool-1 - Start completed.
2020-05-09 18:29:43.797  INFO 23242 --- [    Test worker] o.hibernate.jpa.internal.util.LogHelper  : HHH000204: Processing PersistenceUnitInfo [name: default]
2020-05-09 18:29:43.853  INFO 23242 --- [    Test worker] org.hibernate.Version                    : HHH000412: Hibernate ORM core version 5.4.15.Final
2020-05-09 18:29:44.030  INFO 23242 --- [    Test worker] o.hibernate.annotations.common.Version   : HCANN000001: Hibernate Commons Annotations {5.1.0.Final}
2020-05-09 18:29:44.183  INFO 23242 --- [    Test worker] org.hibernate.dialect.Dialect            : HHH000400: Using dialect: org.hibernate.dialect.PostgreSQL10Dialect
2020-05-09 18:29:44.832  INFO 23242 --- [    Test worker] o.h.e.t.j.p.i.JtaPlatformInitiator       : HHH000490: Using JtaPlatform implementation: [org.hibernate.engine.transaction.jta.platform.internal.NoJtaPlatform]
2020-05-09 18:29:44.839  INFO 23242 --- [    Test worker] j.LocalContainerEntityManagerFactoryBean : Initialized JPA EntityManagerFactory for persistence unit 'default'
2020-05-09 18:29:45.778  WARN 23242 --- [    Test worker] JpaBaseConfiguration$JpaWebConfiguration : spring.jpa.open-in-view is enabled by default. Therefore, database queries may be performed during view rendering. Explicitly configure spring.jpa.open-in-view to disable this warning
2020-05-09 18:29:46.164  INFO 23242 --- [    Test worker] o.s.s.concurrent.ThreadPoolTaskExecutor  : Initializing ExecutorService 'applicationTaskExecutor'
2020-05-09 18:29:46.651  INFO 23242 --- [    Test worker] c.g.m.c.CitiesApiApplicationTests        : Started CitiesApiApplicationTests in 5.109 seconds (JVM running for 6.529)
]]></system-out>
  <system-err><![CDATA[]]></system-err>
</testsuite>
